Arguments: 
  C:\Program Files\nodejs\node.exe C:\Users\Owner\AppData\Roaming\npm\node_modules\yarn\bin\yarn.js add libloading

PATH: 
  C:\Python311\Scripts\;C:\Python311\;C:\Program Files\Common Files\Oracle\Java\javapath;C:\Program Files (x86)\Common Files\Oracle\Java\javapath;C:\ProgramData\Oracle\Java\javapath;C:\Windows\system32;C:\Windows;C:\Windows\System32\Wbem;C:\Windows\System32\WindowsPowerShell\v1.0\;C:\Windows\System32\OpenSSH\;C:\Program Files\NVIDIA Corporation\NVIDIA NvDLISR;C:\Program Files (x86)\NVIDIA Corporation\PhysX\Common;C:\Users\Owner\AppData\Local\Programs\Python\Python39;C:\Users\Owner\AppData\Local\Programs\Python\Python39\Scripts\;C:\Users\Owner\AppData\Local\Programs\Python\Python39\;C:\Users\Owner\AppData\Local\Microsoft\WindowsApps;C:\adb;C:\MinGW\bin;C:\WINDOWS\system32;C:\WINDOWS;C:\WINDOWS\System32\Wbem;C:\WINDOWS\System32\WindowsPowerShell\v1.0\;C:\WINDOWS\System32\OpenSSH\;C:\Program Files\dotnet\;C:\Program Files\Git\cmd;C:\ProgramData\chocolatey\bin;C:\Program Files\nodejs\;C:\Users\Owner\AppData\Local\Programs\Python\Python37\Scripts\;C:\Users\Owner\AppData\Local\Programs\Python\Python37\;C:\Users\Owner\.cargo\bin;C:\Users\Owner\AppData\Local\Microsoft\WindowsApps;C:\Users\Owner\AppData\Local\Programs\Microsoft VS Code\bin;C:\src\flutter\bin;C:\Users\Owner\AppData\Roaming\npm;C:\Users\Owner\AppData\Local\Pub\Cache\bin;C:\Windows\System32;C:\Program Files\Java\jdk-17\bin;C:\Users\Owner\AppData\Local\Programs\Python\Python37\Scripts;C:\Users\Owner\AppData\Local\Microsoft\WinGet\Links;

Yarn version: 
  1.22.19

Node version: 
  18.12.1

Platform: 
  win32 x64

Trace: 
  Error: https://registry.yarnpkg.com/libloading: Not found
      at params.callback [as _callback] (C:\Users\Owner\AppData\Roaming\npm\node_modules\yarn\lib\cli.js:66145:18)
      at self.callback (C:\Users\Owner\AppData\Roaming\npm\node_modules\yarn\lib\cli.js:140890:22)
      at Request.emit (node:events:513:28)
      at Request.<anonymous> (C:\Users\Owner\AppData\Roaming\npm\node_modules\yarn\lib\cli.js:141862:10)
      at Request.emit (node:events:513:28)
      at IncomingMessage.<anonymous> (C:\Users\Owner\AppData\Roaming\npm\node_modules\yarn\lib\cli.js:141784:12)
      at Object.onceWrapper (node:events:627:28)
      at IncomingMessage.emit (node:events:525:35)
      at endReadableNT (node:internal/streams/readable:1359:12)
      at process.processTicksAndRejections (node:internal/process/task_queues:82:21)

npm manifest: 
  {
    "name": "vite-template-solid",
    "version": "0.0.0",
    "description": "",
    "scripts": {
      "start": "vite",
      "dev": "tauri dev",
      "build": "vite build",
      "serve": "vite preview",
      "tauri": "tauri"
    },
    "license": "MIT",
    "devDependencies": {
      "@tauri-apps/cli": "^1.4.0",
      "cross-env": "^7.0.3",
      "sass": "^1.63.6",
      "solid-devtools": "^0.27.3",
      "vite": "^4.3.9",
      "vite-plugin-solid": "^2.7.0"
    },
    "resolutions": {
      "mini-css-extract-plugin": "2.4.7"
    },
    "dependencies": {
      "@motionone/solid": "^10.16.2",
      "@solid-primitives/event-bus": "^1.0.7",
      "@solidjs/router": "^0.8.2",
      "@tauri-apps/api": "^1.4.0",
      "solid-js": "^1.7.6"
    }
  }

yarn manifest: 
  No manifest

Lockfile: 
  # THIS IS AN AUTOGENERATED FILE. DO NOT EDIT THIS FILE DIRECTLY.
  # yarn lockfile v1
  
  
  "@ampproject/remapping@^2.2.0":
    version "2.2.1"
    resolved "https://registry.npmjs.org/@ampproject/remapping/-/remapping-2.2.1.tgz"
    integrity sha512-lFMjJTrFL3j7L9yBxwYfCq2k6qqwHyzuUl/XBnif78PWTJYyL/dfowQHWE3sp6U6ZzqWiiIZnpTMO96zhkjwtg==
    dependencies:
      "@jridgewell/gen-mapping" "^0.3.0"
      "@jridgewell/trace-mapping" "^0.3.9"
  
  "@babel/code-frame@^7.22.5":
    version "7.22.5"
    resolved "https://registry.npmjs.org/@babel/code-frame/-/code-frame-7.22.5.tgz"
    integrity sha512-Xmwn266vad+6DAqEB2A6V/CcZVp62BbwVmcOJc2RPuwih1kw02TjQvWVWlcKGbBPd+8/0V5DEkOcizRGYsspYQ==
    dependencies:
      "@babel/highlight" "^7.22.5"
  
  "@babel/compat-data@^7.22.5":
    version "7.22.5"
    resolved "https://registry.npmjs.org/@babel/compat-data/-/compat-data-7.22.5.tgz"
    integrity sha512-4Jc/YuIaYqKnDDz892kPIledykKg12Aw1PYX5i/TY28anJtacvM1Rrr8wbieB9GfEJwlzqT0hUEao0CxEebiDA==
  
  "@babel/core@^7.20.5", "@babel/core@^7.22.1":
    version "7.22.5"
    resolved "https://registry.npmjs.org/@babel/core/-/core-7.22.5.tgz"
    integrity sha512-SBuTAjg91A3eKOvD+bPEz3LlhHZRNu1nFOVts9lzDJTXshHTjII0BAtDS3Y2DAkdZdDKWVZGVwkDfc4Clxn1dg==
    dependencies:
      "@ampproject/remapping" "^2.2.0"
      "@babel/code-frame" "^7.22.5"
      "@babel/generator" "^7.22.5"
      "@babel/helper-compilation-targets" "^7.22.5"
      "@babel/helper-module-transforms" "^7.22.5"
      "@babel/helpers" "^7.22.5"
      "@babel/parser" "^7.22.5"
      "@babel/template" "^7.22.5"
      "@babel/traverse" "^7.22.5"
      "@babel/types" "^7.22.5"
      convert-source-map "^1.7.0"
      debug "^4.1.0"
      gensync "^1.0.0-beta.2"
      json5 "^2.2.2"
      semver "^6.3.0"
  
  "@babel/generator@^7.21.1", "@babel/generator@^7.22.5":
    version "7.22.5"
    resolved "https://registry.npmjs.org/@babel/generator/-/generator-7.22.5.tgz"
    integrity sha512-+lcUbnTRhd0jOewtFSedLyiPsD5tswKkbgcezOqqWFUVNEwoUTlpPOBmvhG7OXWLR4jMdv0czPGH5XbflnD1EA==
    dependencies:
      "@babel/types" "^7.22.5"
      "@jridgewell/gen-mapping" "^0.3.2"
      "@jridgewell/trace-mapping" "^0.3.17"
      jsesc "^2.5.1"
  
  "@babel/helper-annotate-as-pure@^7.22.5":
    version "7.22.5"
    resolved "https://registry.npmjs.org/@babel/helper-annotate-as-pure/-/helper-annotate-as-pure-7.22.5.tgz"
    integrity sha512-LvBTxu8bQSQkcyKOU+a1btnNFQ1dMAd0R6PyW3arXes06F6QLWLIrd681bxRPIXlrMGR3XYnW9JyML7dP3qgxg==
    dependencies:
      "@babel/types" "^7.22.5"
  
  "@babel/helper-compilation-targets@^7.22.5":
    version "7.22.5"
    resolved "https://registry.npmjs.org/@babel/helper-compilation-targets/-/helper-compilation-targets-7.22.5.tgz"
    integrity sha512-Ji+ywpHeuqxB8WDxraCiqR0xfhYjiDE/e6k7FuIaANnoOFxAHskHChz4vA1mJC9Lbm01s1PVAGhQY4FUKSkGZw==
    dependencies:
      "@babel/compat-data" "^7.22.5"
      "@babel/helper-validator-option" "^7.22.5"
      browserslist "^4.21.3"
      lru-cache "^5.1.1"
      semver "^6.3.0"
  
  "@babel/helper-create-class-features-plugin@^7.22.5":
    version "7.22.5"
    resolved "https://registry.npmjs.org/@babel/helper-create-class-features-plugin/-/helper-create-class-features-plugin-7.22.5.tgz"
    integrity sha512-xkb58MyOYIslxu3gKmVXmjTtUPvBU4odYzbiIQbWwLKIHCsx6UGZGX6F1IznMFVnDdirseUZopzN+ZRt8Xb33Q==
    dependencies:
      "@babel/helper-annotate-as-pure" "^7.22.5"
      "@babel/helper-environment-visitor" "^7.22.5"
      "@babel/helper-function-name" "^7.22.5"
      "@babel/helper-member-expression-to-functions" "^7.22.5"
      "@babel/helper-optimise-call-expression" "^7.22.5"
      "@babel/helper-replace-supers" "^7.22.5"
      "@babel/helper-skip-transparent-expression-wrappers" "^7.22.5"
      "@babel/helper-split-export-declaration" "^7.22.5"
      semver "^6.3.0"
  
  "@babel/helper-environment-visitor@^7.22.5":
    version "7.22.5"
    resolved "https://registry.npmjs.org/@babel/helper-environment-visitor/-/helper-environment-visitor-7.22.5.tgz"
    integrity sha512-XGmhECfVA/5sAt+H+xpSg0mfrHq6FzNr9Oxh7PSEBBRUb/mL7Kz3NICXb194rCqAEdxkhPT1a88teizAFyvk8Q==
  
  "@babel/helper-function-name@^7.22.5":
    version "7.22.5"
    resolved "https://registry.npmjs.org/@babel/helper-function-name/-/helper-function-name-7.22.5.tgz"
    integrity sha512-wtHSq6jMRE3uF2otvfuD3DIvVhOsSNshQl0Qrd7qC9oQJzHvOL4qQXlQn2916+CXGywIjpGuIkoyZRRxHPiNQQ==
    dependencies:
      "@babel/template" "^7.22.5"
      "@babel/types" "^7.22.5"
  
  "@babel/helper-hoist-variables@^7.22.5":
    version "7.22.5"
    resolved "https://registry.npmjs.org/@babel/helper-hoist-variables/-/helper-hoist-variables-7.22.5.tgz"
    integrity sha512-wGjk9QZVzvknA6yKIUURb8zY3grXCcOZt+/7Wcy8O2uctxhplmUPkOdlgoNhmdVee2c92JXbf1xpMtVNbfoxRw==
    dependencies:
      "@babel/types" "^7.22.5"
  
  "@babel/helper-member-expression-to-functions@^7.22.5":
    version "7.22.5"
    resolved "https://registry.npmjs.org/@babel/helper-member-expression-to-functions/-/helper-member-expression-to-functions-7.22.5.tgz"
    integrity sha512-aBiH1NKMG0H2cGZqspNvsaBe6wNGjbJjuLy29aU+eDZjSbbN53BaxlpB02xm9v34pLTZ1nIQPFYn2qMZoa5BQQ==
    dependencies:
      "@babel/types" "^7.22.5"
  
  "@babel/helper-module-imports@7.18.6":
    version "7.18.6"
    resolved "https://registry.npmjs.org/@babel/helper-module-imports/-/helper-module-imports-7.18.6.tgz"
    integrity sha512-0NFvs3VkuSYbFi1x2Vd6tKrywq+z/cLeYC/RJNFrIX/30Bf5aiGYbtvGXolEktzJH8o5E5KJ3tT+nkxuuZFVlA==
    dependencies:
      "@babel/types" "^7.18.6"
  
  "@babel/helper-module-imports@^7.18.6", "@babel/helper-module-imports@^7.22.5":
    version "7.22.5"
    resolved "https://registry.npmjs.org/@babel/helper-module-imports/-/helper-module-imports-7.22.5.tgz"
    integrity sha512-8Dl6+HD/cKifutF5qGd/8ZJi84QeAKh+CEe1sBzz8UayBBGg1dAIJrdHOcOM5b2MpzWL2yuotJTtGjETq0qjXg==
    dependencies:
      "@babel/types" "^7.22.5"
  
  "@babel/helper-module-transforms@^7.22.5":
    version "7.22.5"
    resolved "https://registry.npmjs.org/@babel/helper-module-transforms/-/helper-module-transforms-7.22.5.tgz"
    integrity sha512-+hGKDt/Ze8GFExiVHno/2dvG5IdstpzCq0y4Qc9OJ25D4q3pKfiIP/4Vp3/JvhDkLKsDK2api3q3fpIgiIF5bw==
    dependencies:
      "@babel/helper-environment-visitor" "^7.22.5"
      "@babel/helper-module-imports" "^7.22.5"
      "@babel/helper-simple-access" "^7.22.5"
      "@babel/helper-split-export-declaration" "^7.22.5"
      "@babel/helper-validator-identifier" "^7.22.5"
      "@babel/template" "^7.22.5"
      "@babel/traverse" "^7.22.5"
      "@babel/types" "^7.22.5"
  
  "@babel/helper-optimise-call-expression@^7.22.5":
    version "7.22.5"
    resolved "https://registry.npmjs.org/@babel/helper-optimise-call-expression/-/helper-optimise-call-expression-7.22.5.tgz"
    integrity sha512-HBwaojN0xFRx4yIvpwGqxiV2tUfl7401jlok564NgB9EHS1y6QT17FmKWm4ztqjeVdXLuC4fSvHc5ePpQjoTbw==
    dependencies:
      "@babel/types" "^7.22.5"
  
  "@babel/helper-plugin-utils@^7.22.5":
    version "7.22.5"
    resolved "https://registry.npmjs.org/@babel/helper-plugin-utils/-/helper-plugin-utils-7.22.5.tgz"
    integrity sha512-uLls06UVKgFG9QD4OeFYLEGteMIAa5kpTPcFL28yuCIIzsf6ZyKZMllKVOCZFhiZ5ptnwX4mtKdWCBE/uT4amg==
  
  "@babel/helper-replace-supers@^7.22.5":
    version "7.22.5"
    resolved "https://registry.npmjs.org/@babel/helper-replace-supers/-/helper-replace-supers-7.22.5.tgz"
    integrity sha512-aLdNM5I3kdI/V9xGNyKSF3X/gTyMUBohTZ+/3QdQKAA9vxIiy12E+8E2HoOP1/DjeqU+g6as35QHJNMDDYpuCg==
    dependencies:
      "@babel/helper-environment-visitor" "^7.22.5"
      "@babel/helper-member-expression-to-functions" "^7.22.5"
      "@babel/helper-optimise-call-expression" "^7.22.5"
      "@babel/template" "^7.22.5"
      "@babel/traverse" "^7.22.5"
      "@babel/types" "^7.22.5"
  
  "@babel/helper-simple-access@^7.22.5":
    version "7.22.5"
    resolved "https://registry.npmjs.org/@babel/helper-simple-access/-/helper-simple-access-7.22.5.tgz"
    integrity sha512-n0H99E/K+Bika3++WNL17POvo4rKWZ7lZEp1Q+fStVbUi8nxPQEBOlTmCOxW/0JsS56SKKQ+ojAe2pHKJHN35w==
    dependencies:
      "@babel/types" "^7.22.5"
  
  "@babel/helper-skip-transparent-expression-wrappers@^7.22.5":
    version "7.22.5"
    resolved "https://registry.npmjs.org/@babel/helper-skip-transparent-expression-wrappers/-/helper-skip-transparent-expression-wrappers-7.22.5.tgz"
    integrity sha512-tK14r66JZKiC43p8Ki33yLBVJKlQDFoA8GYN67lWCDCqoL6EMMSuM9b+Iff2jHaM/RRFYl7K+iiru7hbRqNx8Q==
    dependencies:
      "@babel/types" "^7.22.5"
  
  "@babel/helper-split-export-declaration@^7.22.5":
    version "7.22.5"
    resolved "https://registry.npmjs.org/@babel/helper-split-export-declaration/-/helper-split-export-declaration-7.22.5.tgz"
    integrity sha512-thqK5QFghPKWLhAV321lxF95yCg2K3Ob5yw+M3VHWfdia0IkPXUtoLH8x/6Fh486QUvzhb8YOWHChTVen2/PoQ==
    dependencies:
      "@babel/types" "^7.22.5"
  
  "@babel/helper-string-parser@^7.22.5":
    version "7.22.5"
    resolved "https://registry.npmjs.org/@babel/helper-string-parser/-/helper-string-parser-7.22.5.tgz"
    integrity sha512-mM4COjgZox8U+JcXQwPijIZLElkgEpO5rsERVDJTc2qfCDfERyob6k5WegS14SX18IIjv+XD+GrqNumY5JRCDw==
  
  "@babel/helper-validator-identifier@^7.22.5":
    version "7.22.5"
    resolved "https://registry.npmjs.org/@babel/helper-validator-identifier/-/helper-validator-identifier-7.22.5.tgz"
    integrity sha512-aJXu+6lErq8ltp+JhkJUfk1MTGyuA4v7f3pA+BJ5HLfNC6nAQ0Cpi9uOquUj8Hehg0aUiHzWQbOVJGao6ztBAQ==
  
  "@babel/helper-validator-option@^7.22.5":
    version "7.22.5"
    resolved "https://registry.npmjs.org/@babel/helper-validator-option/-/helper-validator-option-7.22.5.tgz"
    integrity sha512-R3oB6xlIVKUnxNUxbmgq7pKjxpru24zlimpE8WK47fACIlM0II/Hm1RS8IaOI7NgCr6LNS+jl5l75m20npAziw==
  
  "@babel/helpers@^7.22.5":
    version "7.22.5"
    resolved "https://registry.npmjs.org/@babel/helpers/-/helpers-7.22.5.tgz"
    integrity sha512-pSXRmfE1vzcUIDFQcSGA5Mr+GxBV9oiRKDuDxXvWQQBCh8HoIjs/2DlDB7H8smac1IVrB9/xdXj2N3Wol9Cr+Q==
    dependencies:
      "@babel/template" "^7.22.5"
      "@babel/traverse" "^7.22.5"
      "@babel/types" "^7.22.5"
  
  "@babel/highlight@^7.22.5":
    version "7.22.5"
    resolved "https://registry.npmjs.org/@babel/highlight/-/highlight-7.22.5.tgz"
    integrity sha512-BSKlD1hgnedS5XRnGOljZawtag7H1yPfQp0tdNJCHoH6AZ+Pcm9VvkrK59/Yy593Ypg0zMxH2BxD1VPYUQ7UIw==
    dependencies:
      "@babel/helper-validator-identifier" "^7.22.5"
      chalk "^2.0.0"
      js-tokens "^4.0.0"
  
  "@babel/parser@^7.1.0", "@babel/parser@^7.20.7", "@babel/parser@^7.22.5":
    version "7.22.5"
    resolved "https://registry.npmjs.org/@babel/parser/-/parser-7.22.5.tgz"
    integrity sha512-DFZMC9LJUG9PLOclRC32G63UXwzqS2koQC8dkx+PLdmt1xSePYpbT/NbsrJy8Q/muXz7o/h/d4A7Fuyixm559Q==
  
  "@babel/plugin-syntax-jsx@^7.18.6", "@babel/plugin-syntax-jsx@^7.22.5":
    version "7.22.5"
    resolved "https://registry.npmjs.org/@babel/plugin-syntax-jsx/-/plugin-syntax-jsx-7.22.5.tgz"
    integrity sha512-gvyP4hZrgrs/wWMaocvxZ44Hw0b3W8Pe+cMxc8V1ULQ07oh8VNbIRaoD1LRZVTvD+0nieDKjfgKg89sD7rrKrg==
    dependencies:
      "@babel/helper-plugin-utils" "^7.22.5"
  
  "@babel/plugin-syntax-typescript@^7.21.4", "@babel/plugin-syntax-typescript@^7.22.5":
    version "7.22.5"
    resolved "https://registry.npmjs.org/@babel/plugin-syntax-typescript/-/plugin-syntax-typescript-7.22.5.tgz"
    integrity sha512-1mS2o03i7t1c6VzH6fdQ3OA8tcEIxwG18zIPRp+UY1Ihv6W+XZzBCVxExF9upussPXJ0xE9XRHwMoNs1ep/nRQ==
    dependencies:
      "@babel/helper-plugin-utils" "^7.22.5"
  
  "@babel/plugin-transform-modules-commonjs@^7.22.5":
    version "7.22.5"
    resolved "https://registry.npmjs.org/@babel/plugin-transform-modules-commonjs/-/plugin-transform-modules-commonjs-7.22.5.tgz"
    integrity sha512-B4pzOXj+ONRmuaQTg05b3y/4DuFz3WcCNAXPLb2Q0GT0TrGKGxNKV4jwsXts+StaM0LQczZbOpj8o1DLPDJIiA==
    dependencies:
      "@babel/helper-module-transforms" "^7.22.5"
      "@babel/helper-plugin-utils" "^7.22.5"
      "@babel/helper-simple-access" "^7.22.5"
  
  "@babel/plugin-transform-typescript@^7.22.5":
    version "7.22.5"
    resolved "https://registry.npmjs.org/@babel/plugin-transform-typescript/-/plugin-transform-typescript-7.22.5.tgz"
    integrity sha512-SMubA9S7Cb5sGSFFUlqxyClTA9zWJ8qGQrppNUm05LtFuN1ELRFNndkix4zUJrC9F+YivWwa1dHMSyo0e0N9dA==
    dependencies:
      "@babel/helper-annotate-as-pure" "^7.22.5"
      "@babel/helper-create-class-features-plugin" "^7.22.5"
      "@babel/helper-plugin-utils" "^7.22.5"
      "@babel/plugin-syntax-typescript" "^7.22.5"
  
  "@babel/preset-typescript@^7.18.6":
    version "7.22.5"
    resolved "https://registry.npmjs.org/@babel/preset-typescript/-/preset-typescript-7.22.5.tgz"
    integrity sha512-YbPaal9LxztSGhmndR46FmAbkJ/1fAsw293tSU+I5E5h+cnJ3d4GTwyUgGYmOXJYdGA+uNePle4qbaRzj2NISQ==
    dependencies:
      "@babel/helper-plugin-utils" "^7.22.5"
      "@babel/helper-validator-option" "^7.22.5"
      "@babel/plugin-syntax-jsx" "^7.22.5"
      "@babel/plugin-transform-modules-commonjs" "^7.22.5"
      "@babel/plugin-transform-typescript" "^7.22.5"
  
  "@babel/template@^7.22.5":
    version "7.22.5"
    resolved "https://registry.npmjs.org/@babel/template/-/template-7.22.5.tgz"
    integrity sha512-X7yV7eiwAxdj9k94NEylvbVHLiVG1nvzCV2EAowhxLTwODV1jl9UzZ48leOC0sH7OnuHrIkllaBgneUykIcZaw==
    dependencies:
      "@babel/code-frame" "^7.22.5"
      "@babel/parser" "^7.22.5"
      "@babel/types" "^7.22.5"
  
  "@babel/traverse@^7.22.5":
    version "7.22.5"
    resolved "https://registry.npmjs.org/@babel/traverse/-/traverse-7.22.5.tgz"
    integrity sha512-7DuIjPgERaNo6r+PZwItpjCZEa5vyw4eJGufeLxrPdBXBoLcCJCIasvK6pK/9DVNrLZTLFhUGqaC6X/PA007TQ==
    dependencies:
      "@babel/code-frame" "^7.22.5"
      "@babel/generator" "^7.22.5"
      "@babel/helper-environment-visitor" "^7.22.5"
      "@babel/helper-function-name" "^7.22.5"
      "@babel/helper-hoist-variables" "^7.22.5"
      "@babel/helper-split-export-declaration" "^7.22.5"
      "@babel/parser" "^7.22.5"
      "@babel/types" "^7.22.5"
      debug "^4.1.0"
      globals "^11.1.0"
  
  "@babel/types@^7.0.0", "@babel/types@^7.18.6", "@babel/types@^7.20.7", "@babel/types@^7.21.2", "@babel/types@^7.22.4", "@babel/types@^7.22.5":
    version "7.22.5"
    resolved "https://registry.npmjs.org/@babel/types/-/types-7.22.5.tgz"
    integrity sha512-zo3MIHGOkPOfoRXitsgHLjEXmlDaD/5KU1Uzuc9GNiZPhSqVxVRtxuPaSBZDsYZ9qV88AjtMtWW7ww98loJ9KA==
    dependencies:
      "@babel/helper-string-parser" "^7.22.5"
      "@babel/helper-validator-identifier" "^7.22.5"
      to-fast-properties "^2.0.0"
  
  "@esbuild/android-arm64@0.17.19":
    version "0.17.19"
    resolved "https://registry.yarnpkg.com/@esbuild/android-arm64/-/android-arm64-0.17.19.tgz#bafb75234a5d3d1b690e7c2956a599345e84a2fd"
    integrity sha512-KBMWvEZooR7+kzY0BtbTQn0OAYY7CsiydT63pVEaPtVYF0hXbUaOyZog37DKxK7NF3XacBJOpYT4adIJh+avxA==
  
  "@esbuild/android-arm@0.17.19":
    version "0.17.19"
    resolved "https://registry.yarnpkg.com/@esbuild/android-arm/-/android-arm-0.17.19.tgz#5898f7832c2298bc7d0ab53701c57beb74d78b4d"
    integrity sha512-rIKddzqhmav7MSmoFCmDIb6e2W57geRsM94gV2l38fzhXMwq7hZoClug9USI2pFRGL06f4IOPHHpFNOkWieR8A==
  
  "@esbuild/android-x64@0.17.19":
    version "0.17.19"
    resolved "https://registry.yarnpkg.com/@esbuild/android-x64/-/android-x64-0.17.19.tgz#658368ef92067866d95fb268719f98f363d13ae1"
    integrity sha512-uUTTc4xGNDT7YSArp/zbtmbhO0uEEK9/ETW29Wk1thYUJBz3IVnvgEiEwEa9IeLyvnpKrWK64Utw2bgUmDveww==
  
  "@esbuild/darwin-arm64@0.17.19":
    version "0.17.19"
    resolved "https://registry.yarnpkg.com/@esbuild/darwin-arm64/-/darwin-arm64-0.17.19.tgz#584c34c5991b95d4d48d333300b1a4e2ff7be276"
    integrity sha512-80wEoCfF/hFKM6WE1FyBHc9SfUblloAWx6FJkFWTWiCoht9Mc0ARGEM47e67W9rI09YoUxJL68WHfDRYEAvOhg==
  
  "@esbuild/darwin-x64@0.17.19":
    version "0.17.19"
    resolved "https://registry.yarnpkg.com/@esbuild/darwin-x64/-/darwin-x64-0.17.19.tgz#7751d236dfe6ce136cce343dce69f52d76b7f6cb"
    integrity sha512-IJM4JJsLhRYr9xdtLytPLSH9k/oxR3boaUIYiHkAawtwNOXKE8KoU8tMvryogdcT8AU+Bflmh81Xn6Q0vTZbQw==
  
  "@esbuild/freebsd-arm64@0.17.19":
    version "0.17.19"
    resolved "https://registry.yarnpkg.com/@esbuild/freebsd-arm64/-/freebsd-arm64-0.17.19.tgz#cacd171665dd1d500f45c167d50c6b7e539d5fd2"
    integrity sha512-pBwbc7DufluUeGdjSU5Si+P3SoMF5DQ/F/UmTSb8HXO80ZEAJmrykPyzo1IfNbAoaqw48YRpv8shwd1NoI0jcQ==
  
  "@esbuild/freebsd-x64@0.17.19":
    version "0.17.19"
    resolved "https://registry.yarnpkg.com/@esbuild/freebsd-x64/-/freebsd-x64-0.17.19.tgz#0769456eee2a08b8d925d7c00b79e861cb3162e4"
    integrity sha512-4lu+n8Wk0XlajEhbEffdy2xy53dpR06SlzvhGByyg36qJw6Kpfk7cp45DR/62aPH9mtJRmIyrXAS5UWBrJT6TQ==
  
  "@esbuild/linux-arm64@0.17.19":
    version "0.17.19"
    resolved "https://registry.yarnpkg.com/@esbuild/linux-arm64/-/linux-arm64-0.17.19.tgz#38e162ecb723862c6be1c27d6389f48960b68edb"
    integrity sha512-ct1Tg3WGwd3P+oZYqic+YZF4snNl2bsnMKRkb3ozHmnM0dGWuxcPTTntAF6bOP0Sp4x0PjSF+4uHQ1xvxfRKqg==
  
  "@esbuild/linux-arm@0.17.19":
    version "0.17.19"
    resolved "https://registry.yarnpkg.com/@esbuild/linux-arm/-/linux-arm-0.17.19.tgz#1a2cd399c50040184a805174a6d89097d9d1559a"
    integrity sha512-cdmT3KxjlOQ/gZ2cjfrQOtmhG4HJs6hhvm3mWSRDPtZ/lP5oe8FWceS10JaSJC13GBd4eH/haHnqf7hhGNLerA==
  
  "@esbuild/linux-ia32@0.17.19":
    version "0.17.19"
    resolved "https://registry.yarnpkg.com/@esbuild/linux-ia32/-/linux-ia32-0.17.19.tgz#e28c25266b036ce1cabca3c30155222841dc035a"
    integrity sha512-w4IRhSy1VbsNxHRQpeGCHEmibqdTUx61Vc38APcsRbuVgK0OPEnQ0YD39Brymn96mOx48Y2laBQGqgZ0j9w6SQ==
  
  "@esbuild/linux-loong64@0.17.19":
    version "0.17.19"
    resolved "https://registry.yarnpkg.com/@esbuild/linux-loong64/-/linux-loong64-0.17.19.tgz#0f887b8bb3f90658d1a0117283e55dbd4c9dcf72"
    integrity sha512-2iAngUbBPMq439a+z//gE+9WBldoMp1s5GWsUSgqHLzLJ9WoZLZhpwWuym0u0u/4XmZ3gpHmzV84PonE+9IIdQ==
  
  "@esbuild/linux-mips64el@0.17.19":
    version "0.17.19"
    resolved "https://registry.yarnpkg.com/@esbuild/linux-mips64el/-/linux-mips64el-0.17.19.tgz#f5d2a0b8047ea9a5d9f592a178ea054053a70289"
    integrity sha512-LKJltc4LVdMKHsrFe4MGNPp0hqDFA1Wpt3jE1gEyM3nKUvOiO//9PheZZHfYRfYl6AwdTH4aTcXSqBerX0ml4A==
  
  "@esbuild/linux-ppc64@0.17.19":
    version "0.17.19"
    resolved "https://registry.yarnpkg.com/@esbuild/linux-ppc64/-/linux-ppc64-0.17.19.tgz#876590e3acbd9fa7f57a2c7d86f83717dbbac8c7"
    integrity sha512-/c/DGybs95WXNS8y3Ti/ytqETiW7EU44MEKuCAcpPto3YjQbyK3IQVKfF6nbghD7EcLUGl0NbiL5Rt5DMhn5tg==
  
  "@esbuild/linux-riscv64@0.17.19":
    version "0.17.19"
    resolved "https://registry.yarnpkg.com/@esbuild/linux-riscv64/-/linux-riscv64-0.17.19.tgz#7f49373df463cd9f41dc34f9b2262d771688bf09"
    integrity sha512-FC3nUAWhvFoutlhAkgHf8f5HwFWUL6bYdvLc/TTuxKlvLi3+pPzdZiFKSWz/PF30TB1K19SuCxDTI5KcqASJqA==
  
  "@esbuild/linux-s390x@0.17.19":
    version "0.17.19"
    resolved "https://registry.yarnpkg.com/@esbuild/linux-s390x/-/linux-s390x-0.17.19.tgz#e2afd1afcaf63afe2c7d9ceacd28ec57c77f8829"
    integrity sha512-IbFsFbxMWLuKEbH+7sTkKzL6NJmG2vRyy6K7JJo55w+8xDk7RElYn6xvXtDW8HCfoKBFK69f3pgBJSUSQPr+4Q==
  
  "@esbuild/linux-x64@0.17.19":
    version "0.17.19"
    resolved "https://registry.yarnpkg.com/@esbuild/linux-x64/-/linux-x64-0.17.19.tgz#8a0e9738b1635f0c53389e515ae83826dec22aa4"
    integrity sha512-68ngA9lg2H6zkZcyp22tsVt38mlhWde8l3eJLWkyLrp4HwMUr3c1s/M2t7+kHIhvMjglIBrFpncX1SzMckomGw==
  
  "@esbuild/netbsd-x64@0.17.19":
    version "0.17.19"
    resolved "https://registry.yarnpkg.com/@esbuild/netbsd-x64/-/netbsd-x64-0.17.19.tgz#c29fb2453c6b7ddef9a35e2c18b37bda1ae5c462"
    integrity sha512-CwFq42rXCR8TYIjIfpXCbRX0rp1jo6cPIUPSaWwzbVI4aOfX96OXY8M6KNmtPcg7QjYeDmN+DD0Wp3LaBOLf4Q==
  
  "@esbuild/openbsd-x64@0.17.19":
    version "0.17.19"
    resolved "https://registry.yarnpkg.com/@esbuild/openbsd-x64/-/openbsd-x64-0.17.19.tgz#95e75a391403cb10297280d524d66ce04c920691"
    integrity sha512-cnq5brJYrSZ2CF6c35eCmviIN3k3RczmHz8eYaVlNasVqsNY+JKohZU5MKmaOI+KkllCdzOKKdPs762VCPC20g==
  
  "@esbuild/sunos-x64@0.17.19":
    version "0.17.19"
    resolved "https://registry.yarnpkg.com/@esbuild/sunos-x64/-/sunos-x64-0.17.19.tgz#722eaf057b83c2575937d3ffe5aeb16540da7273"
    integrity sha512-vCRT7yP3zX+bKWFeP/zdS6SqdWB8OIpaRq/mbXQxTGHnIxspRtigpkUcDMlSCOejlHowLqII7K2JKevwyRP2rg==
  
  "@esbuild/win32-arm64@0.17.19":
    version "0.17.19"
    resolved "https://registry.yarnpkg.com/@esbuild/win32-arm64/-/win32-arm64-0.17.19.tgz#9aa9dc074399288bdcdd283443e9aeb6b9552b6f"
    integrity sha512-yYx+8jwowUstVdorcMdNlzklLYhPxjniHWFKgRqH7IFlUEa0Umu3KuYplf1HUZZ422e3NU9F4LGb+4O0Kdcaag==
  
  "@esbuild/win32-ia32@0.17.19":
    version "0.17.19"
    resolved "https://registry.yarnpkg.com/@esbuild/win32-ia32/-/win32-ia32-0.17.19.tgz#95ad43c62ad62485e210f6299c7b2571e48d2b03"
    integrity sha512-eggDKanJszUtCdlVs0RB+h35wNlb5v4TWEkq4vZcmVt5u/HiDZrTXe2bWFQUez3RgNHwx/x4sk5++4NSSicKkw==
  
  "@esbuild/win32-x64@0.17.19":
    version "0.17.19"
    resolved "https://registry.npmjs.org/@esbuild/win32-x64/-/win32-x64-0.17.19.tgz"
    integrity sha512-lAhycmKnVOuRYNtRtatQR1LPQf2oYCkRGkSFnseDAKPl8lu5SOsK/e1sXe5a0Pc5kHIHe6P2I/ilntNv2xf3cA==
  
  "@jridgewell/gen-mapping@^0.3.0", "@jridgewell/gen-mapping@^0.3.2":
    version "0.3.3"
    resolved "https://registry.npmjs.org/@jridgewell/gen-mapping/-/gen-mapping-0.3.3.tgz"
    integrity sha512-HLhSWOLRi875zjjMG/r+Nv0oCW8umGb0BgEhyX3dDX3egwZtB8PqLnjz3yedt8R5StBrzcg4aBpnh8UA9D1BoQ==
    dependencies:
      "@jridgewell/set-array" "^1.0.1"
      "@jridgewell/sourcemap-codec" "^1.4.10"
      "@jridgewell/trace-mapping" "^0.3.9"
  
  "@jridgewell/resolve-uri@3.1.0":
    version "3.1.0"
    resolved "https://registry.npmjs.org/@jridgewell/resolve-uri/-/resolve-uri-3.1.0.tgz"
    integrity sha512-F2msla3tad+Mfht5cJq7LSXcdudKTWCVYUgw6pLFOOHSTtZlj6SWNYAp+AhuqLmWdBO2X5hPrLcu8cVP8fy28w==
  
  "@jridgewell/set-array@^1.0.1":
    version "1.1.2"
    resolved "https://registry.npmjs.org/@jridgewell/set-array/-/set-array-1.1.2.tgz"
    integrity sha512-xnkseuNADM0gt2bs+BvhO0p78Mk762YnZdsuzFV018NoG1Sj1SCQvpSqa7XUaTam5vAGasABV9qXASMKnFMwMw==
  
  "@jridgewell/sourcemap-codec@1.4.14":
    version "1.4.14"
    resolved "https://registry.npmjs.org/@jridgewell/sourcemap-codec/-/sourcemap-codec-1.4.14.tgz"
    integrity sha512-XPSJHWmi394fuUuzDnGz1wiKqWfo1yXecHQMRf2l6hztTO+nPru658AyDngaBe7isIxEkRsPR3FZh+s7iVa4Uw==
  
  "@jridgewell/sourcemap-codec@^1.4.10":
    version "1.4.15"
    resolved "https://registry.npmjs.org/@jridgewell/sourcemap-codec/-/sourcemap-codec-1.4.15.tgz"
    integrity sha512-eF2rxCRulEKXHTRiDrDy6erMYWqNw4LPdQ8UQA4huuxaQsVeRPFl2oM8oDGxMFhJUWZf9McpLtJasDDZb/Bpeg==
  
  "@jridgewell/trace-mapping@^0.3.17", "@jridgewell/trace-mapping@^0.3.9":
    version "0.3.18"
    resolved "https://registry.npmjs.org/@jridgewell/trace-mapping/-/trace-mapping-0.3.18.tgz"
    integrity sha512-w+niJYzMHdd7USdiH2U6869nqhD2nbfZXND5Yp93qIbEmnDNk7PD48o+YchRVpzMU7M6jVCbenTR7PA1FLQ9pA==
    dependencies:
      "@jridgewell/resolve-uri" "3.1.0"
      "@jridgewell/sourcemap-codec" "1.4.14"
  
  "@motionone/animation@^10.15.1":
    version "10.15.1"
    resolved "https://registry.npmjs.org/@motionone/animation/-/animation-10.15.1.tgz"
    integrity sha512-mZcJxLjHor+bhcPuIFErMDNyrdb2vJur8lSfMCsuCB4UyV8ILZLvK+t+pg56erv8ud9xQGK/1OGPt10agPrCyQ==
    dependencies:
      "@motionone/easing" "^10.15.1"
      "@motionone/types" "^10.15.1"
      "@motionone/utils" "^10.15.1"
      tslib "^2.3.1"
  
  "@motionone/dom@^10.16.2":
    version "10.16.2"
    resolved "https://registry.npmjs.org/@motionone/dom/-/dom-10.16.2.tgz"
    integrity sha512-bnuHdNbge1FutZXv+k7xub9oPWcF0hsu8y1HTH/qg6av58YI0VufZ3ngfC7p2xhMJMnoh0LXFma2EGTgPeCkeg==
    dependencies:
      "@motionone/animation" "^10.15.1"
      "@motionone/generators" "^10.15.1"
      "@motionone/types" "^10.15.1"
      "@motionone/utils" "^10.15.1"
      hey-listen "^1.0.8"
      tslib "^2.3.1"
  
  "@motionone/easing@^10.15.1":
    version "10.15.1"
    resolved "https://registry.npmjs.org/@motionone/easing/-/easing-10.15.1.tgz"
    integrity sha512-6hIHBSV+ZVehf9dcKZLT7p5PEKHGhDwky2k8RKkmOvUoYP3S+dXsKupyZpqx5apjd9f+php4vXk4LuS+ADsrWw==
    dependencies:
      "@motionone/utils" "^10.15.1"
      tslib "^2.3.1"
  
  "@motionone/generators@^10.15.1":
    version "10.15.1"
    resolved "https://registry.npmjs.org/@motionone/generators/-/generators-10.15.1.tgz"
    integrity sha512-67HLsvHJbw6cIbLA/o+gsm7h+6D4Sn7AUrB/GPxvujse1cGZ38F5H7DzoH7PhX+sjvtDnt2IhFYF2Zp1QTMKWQ==
    dependencies:
      "@motionone/types" "^10.15.1"
      "@motionone/utils" "^10.15.1"
      tslib "^2.3.1"
  
  "@motionone/solid@^10.16.2":
    version "10.16.2"
    resolved "https://registry.npmjs.org/@motionone/solid/-/solid-10.16.2.tgz"
    integrity sha512-0bl1KRDWc6BRcKXzRZR2KdRzIIN86SfSe8mcfKPwHYQDzdOEohRcYUsDaYlwWuwU07VCngOHZEPgFCofDJ80zw==
    dependencies:
      "@motionone/dom" "^10.16.2"
      "@motionone/utils" "^10.15.1"
      "@solid-primitives/props" "^3.1.1"
      "@solid-primitives/refs" "^1.0.0"
      "@solid-primitives/transition-group" "^1.0.0"
  
  "@motionone/types@^10.15.1":
    version "10.15.1"
    resolved "https://registry.npmjs.org/@motionone/types/-/types-10.15.1.tgz"
    integrity sha512-iIUd/EgUsRZGrvW0jqdst8st7zKTzS9EsKkP+6c6n4MPZoQHwiHuVtTQLD6Kp0bsBLhNzKIBlHXponn/SDT4hA==
  
  "@motionone/utils@^10.15.1":
    version "10.15.1"
    resolved "https://registry.npmjs.org/@motionone/utils/-/utils-10.15.1.tgz"
    integrity sha512-p0YncgU+iklvYr/Dq4NobTRdAPv9PveRDUXabPEeOjBLSO/1FNB2phNTZxOxpi1/GZwYpAoECEa0Wam+nsmhSw==
    dependencies:
      "@motionone/types" "^10.15.1"
      hey-listen "^1.0.8"
      tslib "^2.3.1"
  
  "@solid-devtools/debugger@^0.22.1":
    version "0.22.1"
    resolved "https://registry.npmjs.org/@solid-devtools/debugger/-/debugger-0.22.1.tgz"
    integrity sha512-y/8Y7rKZPqP5cN4uHVySTHtX5KSfYcKnBVzmVmzaiZhqzQwqu6goc7EgSq3hM1MJYkcLWcfBodMTdJpa4LqhHQ==
    dependencies:
      "@solid-devtools/shared" "^0.12.0"
      "@solid-primitives/bounds" "^0.0.111"
      "@solid-primitives/cursor" "^0.0.109"
      "@solid-primitives/event-bus" "^1.0.7"
      "@solid-primitives/event-listener" "^2.2.13"
      "@solid-primitives/keyboard" "^1.2.3"
      "@solid-primitives/platform" "^0.0.105"
      "@solid-primitives/rootless" "^1.4.1"
      "@solid-primitives/scheduled" "^1.3.2"
      "@solid-primitives/static-store" "^0.0.2"
      "@solid-primitives/utils" "^6.2.0"
      solid-js "^1.7.6"
      type-fest "^3.11.1"
  
  "@solid-devtools/shared@^0.12.0":
    version "0.12.0"
    resolved "https://registry.npmjs.org/@solid-devtools/shared/-/shared-0.12.0.tgz"
    integrity sha512-BQk2rLyKfNxfp+Y+3o/ZbPqO0TnM4pRJZwxoUthxHL6wM7AN6es4asQpoMnLJjvV/mjdFMzNVrqTnuDAoJuEmA==
    dependencies:
      "@solid-primitives/event-bus" "^1.0.7"
      "@solid-primitives/event-listener" "^2.2.13"
      "@solid-primitives/media" "^2.2.3"
      "@solid-primitives/refs" "^1.0.4"
      "@solid-primitives/rootless" "^1.4.1"
      "@solid-primitives/scheduled" "^1.3.2"
      "@solid-primitives/static-store" "^0.0.2"
      "@solid-primitives/styles" "^0.0.108"
      "@solid-primitives/utils" "^6.2.0"
      solid-js "^1.7.5"
  
  "@solid-primitives/bounds@^0.0.111":
    version "0.0.111"
    resolved "https://registry.npmjs.org/@solid-primitives/bounds/-/bounds-0.0.111.tgz"
    integrity sha512-9JdG6oAbTJr5cA2tLrVfchixpY37KOuFrjvw1pBSLf7PUbIN6c7AvvWhSI4Q5njvLwWWZG0NdcpCZ4VwXYst/g==
    dependencies:
      "@solid-primitives/event-listener" "^2.2.10"
      "@solid-primitives/resize-observer" "^2.0.14"
      "@solid-primitives/static-store" "^0.0.2"
      "@solid-primitives/utils" "^6.0.0"
  
  "@solid-primitives/cursor@^0.0.109":
    version "0.0.109"
    resolved "https://registry.npmjs.org/@solid-primitives/cursor/-/cursor-0.0.109.tgz"
    integrity sha512-HcEWiF/R8FAlPYOylIh1tDqlYETdbJ7VWWyZdNtkMX7eT/DfAUqp+ycHeUr8tKJ0Ds967ZskGh+5bufg8Cm+zw==
    dependencies:
      "@solid-primitives/utils" "^6.0.0"
  
  "@solid-primitives/event-bus@^1.0.7":
    version "1.0.7"
    resolved "https://registry.npmjs.org/@solid-primitives/event-bus/-/event-bus-1.0.7.tgz"
    integrity sha512-RMDR4tgOUdiWB7rEFO1XnlnbwOy6MrbrjdYwinDEaEWmXB5aJBFqTuoTw/SDbrckTu1rLe/g0tbCin/vgHWmRw==
    dependencies:
      "@solid-primitives/utils" "^6.2.0"
  
  "@solid-primitives/event-listener@^2.2.10", "@solid-primitives/event-listener@^2.2.13":
    version "2.2.13"
    resolved "https://registry.npmjs.org/@solid-primitives/event-listener/-/event-listener-2.2.13.tgz"
    integrity sha512-8GtVEq0ECZoa5Klo1jjfGPfwg0zVJ8TNnNkWu8FqRkh0CkhbhCVJAKwjleem9K/qL6zUDfJihLjhqGBTBbb+8w==
    dependencies:
      "@solid-primitives/utils" "^6.2.0"
  
  "@solid-primitives/keyboard@^1.2.3":
    version "1.2.3"
    resolved "https://registry.npmjs.org/@solid-primitives/keyboard/-/keyboard-1.2.3.tgz"
    integrity sha512-8EBUk1lARIXVhSs9H2t0rclCuyX1y56Kf9J8VVmlPDSh1L+nSIU0wcDGVeVy3HWG6W8pRoRD7kwlQvXhdW2LAQ==
    dependencies:
      "@solid-primitives/event-listener" "^2.2.13"
      "@solid-primitives/rootless" "^1.4.1"
      "@solid-primitives/utils" "^6.2.0"
  
  "@solid-primitives/media@^2.2.3":
    version "2.2.3"
    resolved "https://registry.npmjs.org/@solid-primitives/media/-/media-2.2.3.tgz"
    integrity sha512-xhKaTJjH6e65OL706/hA38WWitafbJCm/Zpv7qAn4cy/cgxZ39Cl0bPdYzZhUlkJvTt8YVT0IBcOBLKlJVaPRg==
    dependencies:
      "@solid-primitives/event-listener" "^2.2.13"
      "@solid-primitives/rootless" "^1.4.1"
      "@solid-primitives/static-store" "^0.0.4"
      "@solid-primitives/utils" "^6.2.0"
  
  "@solid-primitives/platform@^0.0.105":
    version "0.0.105"
    resolved "https://registry.npmjs.org/@solid-primitives/platform/-/platform-0.0.105.tgz"
    integrity sha512-GULqmMc5vNsLSsIxIEYYxJv/6ypGKG+ig9hzSi4lxVPfooX6Go6txDlhv53woUSvaG939ceZGRq+X5uADMed6g==
  
  "@solid-primitives/props@^3.1.1":
    version "3.1.6"
    resolved "https://registry.npmjs.org/@solid-primitives/props/-/props-3.1.6.tgz"
    integrity sha512-ChtvXBDxASR+zZgH0ysoBstbVJdqJk6LITb78CScgHd+Uc8C6eaHKLmhNeuVCd36FGAuyj9vylDHe2GhmFlecA==
    dependencies:
      "@solid-primitives/utils" "^6.2.0"
  
  "@solid-primitives/refs@^1.0.0", "@solid-primitives/refs@^1.0.4":
    version "1.0.4"
    resolved "https://registry.npmjs.org/@solid-primitives/refs/-/refs-1.0.4.tgz"
    integrity sha512-BxZKkct0OIyADWIoA9UITm+3G5Xb3IkOa0nZd40SgOK5DtMqpXFIEPUkJ/woPB90WqlM9UvvuiJHUyAjMeAmCw==
    dependencies:
      "@solid-primitives/utils" "^6.2.0"
  
  "@solid-primitives/resize-observer@^2.0.14":
    version "2.0.18"
    resolved "https://registry.npmjs.org/@solid-primitives/resize-observer/-/resize-observer-2.0.18.tgz"
    integrity sha512-k4jTqa2hQc1HBLGUUSy69ziVJF2xlBzglUp2Saeor7RrZiWudODGyoUMdNAY+PN3iH4zyH4eEa/Fs+9kIrREig==
    dependencies:
      "@solid-primitives/event-listener" "^2.2.13"
      "@solid-primitives/rootless" "^1.4.1"
      "@solid-primitives/static-store" "^0.0.4"
      "@solid-primitives/utils" "^6.2.0"
  
  "@solid-primitives/rootless@^1.3.2", "@solid-primitives/rootless@^1.4.1":
    version "1.4.1"
    resolved "https://registry.npmjs.org/@solid-primitives/rootless/-/rootless-1.4.1.tgz"
    integrity sha512-h7VBUk8usD76Eh1a4wT17PcGtIRxGPlLuJ4Mf7roCNu46W5cc9DAoz8M6XebuZWVKeUkML/JuPMZQSV0mLo2Fw==
    dependencies:
      "@solid-primitives/utils" "^6.2.0"
  
  "@solid-primitives/scheduled@^1.3.2":
    version "1.3.2"
    resolved "https://registry.npmjs.org/@solid-primitives/scheduled/-/scheduled-1.3.2.tgz"
    integrity sha512-2rDCyYNjI9zBqpdmJG8sN8h90gbe2hSqRdj1OMmKp3qEbKVCrXXswLmrbBuNBi/uow6f8AHR9uheb7LWQ3ojcw==
  
  "@solid-primitives/static-store@^0.0.2":
    version "0.0.2"
    resolved "https://registry.npmjs.org/@solid-primitives/static-store/-/static-store-0.0.2.tgz"
    integrity sha512-JR51MmoZbFWE7fmzm0NnfS4RuLHpzXpPqAb7RJu3fHDGHp+q7v4KylseULcailINzDIosHQXbpiDQlj2Lx9zbQ==
    dependencies:
      "@solid-primitives/utils" "^6.0.0"
  
  "@solid-primitives/static-store@^0.0.4":
    version "0.0.4"
    resolved "https://registry.npmjs.org/@solid-primitives/static-store/-/static-store-0.0.4.tgz"
    integrity sha512-NcLtDNA6H+Z9LmqaUe4SKfMx0YbszIMXEqfV15cB34t5XyEeOM5TihYwsVJ/dpkmpHYzflm0SwAL+P9uwyzvWQ==
    dependencies:
      "@solid-primitives/utils" "^6.2.0"
  
  "@solid-primitives/styles@^0.0.108":
    version "0.0.108"
    resolved "https://registry.npmjs.org/@solid-primitives/styles/-/styles-0.0.108.tgz"
    integrity sha512-kdCWJ3seO4Z0dluBuApuaD+kYLnVCFZIAJGhfhS2POtjLRAmKc/VFwimIn48PUCwoa6vmVS52V1GIw51nK/85g==
    dependencies:
      "@solid-primitives/rootless" "^1.3.2"
      "@solid-primitives/utils" "^6.0.0"
  
  "@solid-primitives/transition-group@^1.0.0":
    version "1.0.2"
    resolved "https://registry.npmjs.org/@solid-primitives/transition-group/-/transition-group-1.0.2.tgz"
    integrity sha512-+o3J7TnU0/Sok+LKA0z0wvhim88dpd2eFBk8/05adE6wVypVlME8sKqTMO+xRv8HoT4Kq3sczmvwV07FKg2n+g==
  
  "@solid-primitives/utils@^6.0.0", "@solid-primitives/utils@^6.2.0":
    version "6.2.0"
    resolved "https://registry.npmjs.org/@solid-primitives/utils/-/utils-6.2.0.tgz"
    integrity sha512-T62WlLwKkbmicsw/xpwMQyv9MmZRSaVyutXfS5icc9v0cb8qGMUxRxr5LVvZHYQCZ9DEFboZB0r711xsbVBbeA==
  
  "@solidjs/router@^0.8.2":
    version "0.8.2"
    resolved "https://registry.npmjs.org/@solidjs/router/-/router-0.8.2.tgz"
    integrity sha512-gUKW+LZqxtX6y/Aw6JKyy4gQ9E7dLqp513oB9pSYJR1HM5c56Pf7eijzyXX+b3WuXig18Cxqah4tMtF0YGu80w==
  
  "@tauri-apps/api@^1.4.0":
    version "1.4.0"
    resolved "https://registry.npmjs.org/@tauri-apps/api/-/api-1.4.0.tgz"
    integrity sha512-Jd6HPoTM1PZSFIzq7FB8VmMu3qSSyo/3lSwLpoapW+lQ41CL5Dow2KryLg+gyazA/58DRWI9vu/XpEeHK4uMdw==
  
  "@tauri-apps/cli-darwin-arm64@1.4.0":
    version "1.4.0"
    resolved "https://registry.yarnpkg.com/@tauri-apps/cli-darwin-arm64/-/cli-darwin-arm64-1.4.0.tgz#e76bb8515ae31f03f2cbd440c1a09b237a79b3ac"
    integrity sha512-nA/ml0SfUt6/CYLVbHmT500Y+ijqsuv5+s9EBnVXYSLVg9kbPUZJJHluEYK+xKuOj6xzyuT/+rZFMRapmJD3jQ==
  
  "@tauri-apps/cli-darwin-x64@1.4.0":
    version "1.4.0"
    resolved "https://registry.yarnpkg.com/@tauri-apps/cli-darwin-x64/-/cli-darwin-x64-1.4.0.tgz#dd1472460550d0aa0ec6e699b073be2d77e5b962"
    integrity sha512-ov/F6Zr+dg9B0PtRu65stFo2G0ow2TUlneqYYrkj+vA3n+moWDHfVty0raDjMLQbQt3rv3uayFMXGPMgble9OA==
  
  "@tauri-apps/cli-linux-arm-gnueabihf@1.4.0":
    version "1.4.0"
    resolved "https://registry.yarnpkg.com/@tauri-apps/cli-linux-arm-gnueabihf/-/cli-linux-arm-gnueabihf-1.4.0.tgz#325e90e47d260ba71a499850ce769b5a6bdfd48d"
    integrity sha512-zwjbiMncycXDV7doovymyKD7sCg53ouAmfgpUqEBOTY3vgBi9TwijyPhJOqoG5vUVWhouNBC08akGmE4dja15g==
  
  "@tauri-apps/cli-linux-arm64-gnu@1.4.0":
    version "1.4.0"
    resolved "https://registry.yarnpkg.com/@tauri-apps/cli-linux-arm64-gnu/-/cli-linux-arm64-gnu-1.4.0.tgz#b5d8f5cba3f8f7c7d44d071681f0ab0a37f2c46e"
    integrity sha512-5MCBcziqXC72mMXnkZU68mutXIR6zavDxopArE2gQtK841IlE06bIgtLi0kUUhlFJk2nhPRgiDgdLbrPlyt7fw==
  
  "@tauri-apps/cli-linux-arm64-musl@1.4.0":
    version "1.4.0"
    resolved "https://registry.yarnpkg.com/@tauri-apps/cli-linux-arm64-musl/-/cli-linux-arm64-musl-1.4.0.tgz#f805ab2ee415875900f4b456f17dc4900d2a7911"
    integrity sha512-7J3pRB6n6uNYgIfCeKt2Oz8J7oSaz2s8GGFRRH2HPxuTHrBNCinzVYm68UhVpJrL3bnGkU0ziVZLsW/iaOGfUg==
  
  "@tauri-apps/cli-linux-x64-gnu@1.4.0":
    version "1.4.0"
    resolved "https://registry.yarnpkg.com/@tauri-apps/cli-linux-x64-gnu/-/cli-linux-x64-gnu-1.4.0.tgz#d3f5e69c22420c7ac9e4021b7a94bce2e48cb45d"
    integrity sha512-Zh5gfAJxOv5AVWxcwuueaQ2vIAhlg0d6nZui6nMyfIJ8dbf3aZQ5ZzP38sYow5h/fbvgL+3GSQxZRBIa3c2E1w==
  
  "@tauri-apps/cli-linux-x64-musl@1.4.0":
    version "1.4.0"
    resolved "https://registry.yarnpkg.com/@tauri-apps/cli-linux-x64-musl/-/cli-linux-x64-musl-1.4.0.tgz#2e7f718272ffdd9ace80f57a35023ba0c74767ad"
    integrity sha512-OLAYoICU3FaYiTdBsI+lQTKnDHeMmFMXIApN0M+xGiOkoIOQcV9CConMPjgmJQ867+NHRNgUGlvBEAh9CiJodQ==
  
  "@tauri-apps/cli-win32-arm64-msvc@1.4.0":
    version "1.4.0"
    resolved "https://registry.yarnpkg.com/@tauri-apps/cli-win32-arm64-msvc/-/cli-win32-arm64-msvc-1.4.0.tgz#85cdb52a06feb92da785def4d02512099464525e"
    integrity sha512-gZ05GENFbI6CB5MlOUsLlU0kZ9UtHn9riYtSXKT6MYs8HSPRffPHaHSL0WxsJweWh9nR5Hgh/TUU8uW3sYCzCg==
  
  "@tauri-apps/cli-win32-ia32-msvc@1.4.0":
    version "1.4.0"
    resolved "https://registry.yarnpkg.com/@tauri-apps/cli-win32-ia32-msvc/-/cli-win32-ia32-msvc-1.4.0.tgz#0b7c921204058215aec9a5a00f735e73909bd330"
    integrity sha512-JsetT/lTx/Zq98eo8T5CiRyF1nKeX04RO8JlJrI3ZOYsZpp/A5RJvMd/szQ17iOzwiHdge+tx7k2jHysR6oBlQ==
  
  "@tauri-apps/cli-win32-x64-msvc@1.4.0":
    version "1.4.0"
    resolved "https://registry.npmjs.org/@tauri-apps/cli-win32-x64-msvc/-/cli-win32-x64-msvc-1.4.0.tgz"
    integrity sha512-z8Olcnwp5aYhzqUAarFjqF+oELCjuYWnB2HAJHlfsYNfDCAORY5kct3Fklz8PSsubC3U2EugWn8n42DwnThurg==
  
  "@tauri-apps/cli@^1.4.0":
    version "1.4.0"
    resolved "https://registry.npmjs.org/@tauri-apps/cli/-/cli-1.4.0.tgz"
    integrity sha512-VXYr2i2iVFl98etQSQsqLzXgX96bnWiNZd1YADgatqwy/qecbd6Kl5ZAPB5R4ynsgE8A1gU7Fbzh7dCEQYFfmA==
    optionalDependencies:
      "@tauri-apps/cli-darwin-arm64" "1.4.0"
      "@tauri-apps/cli-darwin-x64" "1.4.0"
      "@tauri-apps/cli-linux-arm-gnueabihf" "1.4.0"
      "@tauri-apps/cli-linux-arm64-gnu" "1.4.0"
      "@tauri-apps/cli-linux-arm64-musl" "1.4.0"
      "@tauri-apps/cli-linux-x64-gnu" "1.4.0"
      "@tauri-apps/cli-linux-x64-musl" "1.4.0"
      "@tauri-apps/cli-win32-arm64-msvc" "1.4.0"
      "@tauri-apps/cli-win32-ia32-msvc" "1.4.0"
      "@tauri-apps/cli-win32-x64-msvc" "1.4.0"
  
  "@types/babel__core@^7.1.20":
    version "7.20.1"
    resolved "https://registry.npmjs.org/@types/babel__core/-/babel__core-7.20.1.tgz"
    integrity sha512-aACu/U/omhdk15O4Nfb+fHgH/z3QsfQzpnvRZhYhThms83ZnAOZz7zZAWO7mn2yyNQaA4xTO8GLK3uqFU4bYYw==
    dependencies:
      "@babel/parser" "^7.20.7"
      "@babel/types" "^7.20.7"
      "@types/babel__generator" "*"
      "@types/babel__template" "*"
      "@types/babel__traverse" "*"
  
  "@types/babel__generator@*":
    version "7.6.4"
    resolved "https://registry.npmjs.org/@types/babel__generator/-/babel__generator-7.6.4.tgz"
    integrity sha512-tFkciB9j2K755yrTALxD44McOrk+gfpIpvC3sxHjRawj6PfnQxrse4Clq5y/Rq+G3mrBurMax/lG8Qn2t9mSsg==
    dependencies:
      "@babel/types" "^7.0.0"
  
  "@types/babel__template@*":
    version "7.4.1"
    resolved "https://registry.npmjs.org/@types/babel__template/-/babel__template-7.4.1.tgz"
    integrity sha512-azBFKemX6kMg5Io+/rdGT0dkGreboUVR0Cdm3fz9QJWpaQGJRQXl7C+6hOTCZcMll7KFyEQpgbYI2lHdsS4U7g==
    dependencies:
      "@babel/parser" "^7.1.0"
      "@babel/types" "^7.0.0"
  
  "@types/babel__traverse@*":
    version "7.20.1"
    resolved "https://registry.npmjs.org/@types/babel__traverse/-/babel__traverse-7.20.1.tgz"
    integrity sha512-MitHFXnhtgwsGZWtT68URpOvLN4EREih1u3QtQiN4VdAxWKRVvGCSvw/Qth0M0Qq3pJpnGOu5JaM/ydK7OGbqg==
    dependencies:
      "@babel/types" "^7.20.7"
  
  "@types/json-schema@^7.0.9":
    version "7.0.12"
    resolved "https://registry.yarnpkg.com/@types/json-schema/-/json-schema-7.0.12.tgz#d70faba7039d5fca54c83c7dbab41051d2b6f6cb"
    integrity sha512-Hr5Jfhc9eYOQNPYO5WLDq/n4jqijdHNlDXjuAQkkt+mWdQR+XJToOHrsD4cPaMXpn6KO7y2+wM8AZEs8VpBLVA==
  
  ajv-formats@^2.1.1:
    version "2.1.1"
    resolved "https://registry.yarnpkg.com/ajv-formats/-/ajv-formats-2.1.1.tgz#6e669400659eb74973bbf2e33327180a0996b520"
    integrity sha512-Wx0Kx52hxE7C18hkMEggYlEifqWZtYaRgouJor+WMdPnQyEK13vgEWyVNup7SoeeoLMsr4kf5h6dOW11I15MUA==
    dependencies:
      ajv "^8.0.0"
  
  ajv-keywords@^5.1.0:
    version "5.1.0"
    resolved "https://registry.yarnpkg.com/ajv-keywords/-/ajv-keywords-5.1.0.tgz#69d4d385a4733cdbeab44964a1170a88f87f0e16"
    integrity sha512-YCS/JNFAUyr5vAuhk1DWm1CBxRHW9LbJ2ozWeemrIqpbsqKjHVxYPyi5GC0rjZIT5JxJ3virVTS8wk4i/Z+krw==
    dependencies:
      fast-deep-equal "^3.1.3"
  
  ajv@^8.0.0, ajv@^8.9.0:
    version "8.12.0"
    resolved "https://registry.yarnpkg.com/ajv/-/ajv-8.12.0.tgz#d1a0527323e22f53562c567c00991577dfbe19d1"
    integrity sha512-sRu1kpcO9yLtYxBKvqfTeh9KzZEwO3STyX1HT+4CaDzC6HpTGYhIhPIzj9XuKU7KYDwnaeh5hcOwjy1QuJzBPA==
    dependencies:
      fast-deep-equal "^3.1.1"
      json-schema-traverse "^1.0.0"
      require-from-string "^2.0.2"
      uri-js "^4.2.2"
  
  ansi-styles@^3.2.1:
    version "3.2.1"
    resolved "https://registry.npmjs.org/ansi-styles/-/ansi-styles-3.2.1.tgz"
    integrity sha512-VT0ZI6kZRdTh8YyJw3SMbYm/u+NqfsAxEpWO0Pf9sq8/e94WxxOpPKx9FR1FlyCtOVDNOQ+8ntlqFxiRc+r5qA==
    dependencies:
      color-convert "^1.9.0"
  
  anymatch@~3.1.2:
    version "3.1.3"
    resolved "https://registry.npmjs.org/anymatch/-/anymatch-3.1.3.tgz"
    integrity sha512-KMReFUr0B4t+D+OBkjR3KYqvocp2XaSzO55UcB6mgQMd3KbcE+mWTyvVV7D/zsdEbNnV6acZUutkiHQXvTr1Rw==
    dependencies:
      normalize-path "^3.0.0"
      picomatch "^2.0.4"
  
  babel-plugin-jsx-dom-expressions@^0.36.10:
    version "0.36.10"
    resolved "https://registry.npmjs.org/babel-plugin-jsx-dom-expressions/-/babel-plugin-jsx-dom-expressions-0.36.10.tgz"
    integrity sha512-QA2k/14WGw+RgcGGnEuLWwnu4em6CGhjeXtjvgOYyFHYS2a+CzPeaVQHDOlfuiBcjq/3hWMspHMIMnPEOIzdBg==
    dependencies:
      "@babel/helper-module-imports" "7.18.6"
      "@babel/plugin-syntax-jsx" "^7.18.6"
      "@babel/types" "^7.20.7"
      html-entities "2.3.3"
      validate-html-nesting "^1.2.1"
  
  babel-preset-solid@^1.7.2:
    version "1.7.4"
    resolved "https://registry.npmjs.org/babel-preset-solid/-/babel-preset-solid-1.7.4.tgz"
    integrity sha512-0mbHNYkbOVYhH6L95VlHVkBEVQjOXSzUqLDiFxUcsg/tU4yTM/qx7FI8C+kmos9LHckQBSm3wtwoe1BZLNJR1w==
    dependencies:
      babel-plugin-jsx-dom-expressions "^0.36.10"
  
  binary-extensions@^2.0.0:
    version "2.2.0"
    resolved "https://registry.npmjs.org/binary-extensions/-/binary-extensions-2.2.0.tgz"
    integrity sha512-jDctJ/IVQbZoJykoeHbhXpOlNBqGNcwXJKJog42E5HDPUwQTSdjCHdihjj0DlnheQ7blbT6dHOafNAiS8ooQKA==
  
  braces@~3.0.2:
    version "3.0.2"
    resolved "https://registry.npmjs.org/braces/-/braces-3.0.2.tgz"
    integrity sha512-b8um+L1RzM3WDSzvhm6gIz1yfTbBt6YTlcEKAvsmqCZZFw46z626lVj9j1yEPW33H5H+lBQpZMP1k8l+78Ha0A==
    dependencies:
      fill-range "^7.0.1"
  
  browserslist@^4.21.3:
    version "4.21.8"
    resolved "https://registry.npmjs.org/browserslist/-/browserslist-4.21.8.tgz"
    integrity sha512-j+7xYe+v+q2Id9qbBeCI8WX5NmZSRe8es1+0xntD/+gaWXznP8tFEkv5IgSaHf5dS1YwVMbX/4W6m937mj+wQw==
    dependencies:
      caniuse-lite "^1.0.30001502"
      electron-to-chromium "^1.4.428"
      node-releases "^2.0.12"
      update-browserslist-db "^1.0.11"
  
  caniuse-lite@^1.0.30001502:
    version "1.0.30001502"
    resolved "https://registry.npmjs.org/caniuse-lite/-/caniuse-lite-1.0.30001502.tgz"
    integrity sha512-AZ+9tFXw1sS0o0jcpJQIXvFTOB/xGiQ4OQ2t98QX3NDn2EZTSRBC801gxrsGgViuq2ak/NLkNgSNEPtCr5lfKg==
  
  chalk@^2.0.0:
    version "2.4.2"
    resolved "https://registry.npmjs.org/chalk/-/chalk-2.4.2.tgz"
    integrity sha512-Mti+f9lpJNcwF4tWV8/OrTTtF1gZi+f8FqlyAdouralcFWFQWF2+NgCHShjkCb+IFBLq9buZwE1xckQU4peSuQ==
    dependencies:
      ansi-styles "^3.2.1"
      escape-string-regexp "^1.0.5"
      supports-color "^5.3.0"
  
  "chokidar@>=3.0.0 <4.0.0":
    version "3.5.3"
    resolved "https://registry.npmjs.org/chokidar/-/chokidar-3.5.3.tgz"
    integrity sha512-Dr3sfKRP6oTcjf2JmUmFJfeVMvXBdegxB0iVQ5eb2V10uFJUCAS8OByZdVAyVb8xXNz3GjjTgj9kLWsZTqE6kw==
    dependencies:
      anymatch "~3.1.2"
      braces "~3.0.2"
      glob-parent "~5.1.2"
      is-binary-path "~2.1.0"
      is-glob "~4.0.1"
      normalize-path "~3.0.0"
      readdirp "~3.6.0"
    optionalDependencies:
      fsevents "~2.3.2"
  
  color-convert@^1.9.0:
    version "1.9.3"
    resolved "https://registry.npmjs.org/color-convert/-/color-convert-1.9.3.tgz"
    integrity sha512-QfAUtd+vFdAtFQcC8CCyYt1fYWxSqAiK2cSD6zDB8N3cpsEBAvRxp9zOGg6G/SHHJYAT88/az/IuDGALsNVbGg==
    dependencies:
      color-name "1.1.3"
  
  color-name@1.1.3:
    version "1.1.3"
    resolved "https://registry.npmjs.org/color-name/-/color-name-1.1.3.tgz"
    integrity sha512-72fSenhMw2HZMTVHeCA9KCmpEIbzWiQsjN+BHcBbS9vr1mtt+vJjPdksIBNUmKAW8TFUDPJK5SUU3QhE9NEXDw==
  
  convert-source-map@^1.7.0:
    version "1.9.0"
    resolved "https://registry.npmjs.org/convert-source-map/-/convert-source-map-1.9.0.tgz"
    integrity sha512-ASFBup0Mz1uyiIjANan1jzLQami9z1PoYSZCiiYW2FczPbenXc45FZdBZLzOT+r6+iciuEModtmCti+hjaAk0A==
  
  cross-env@^7.0.3:
    version "7.0.3"
    resolved "https://registry.npmjs.org/cross-env/-/cross-env-7.0.3.tgz"
    integrity sha512-+/HKd6EgcQCJGh2PSjZuUitQBQynKor4wrFbRg4DtAgS1aWO+gU52xpH7M9ScGgXSYmAVS9bIJ8EzuaGw0oNAw==
    dependencies:
      cross-spawn "^7.0.1"
  
  cross-spawn@^7.0.1:
    version "7.0.3"
    resolved "https://registry.npmjs.org/cross-spawn/-/cross-spawn-7.0.3.tgz"
    integrity sha512-iRDPJKUPVEND7dHPO8rkbOnPpyDygcDFtWjpeWNCgy8WP2rXcxXL8TskReQl6OrB2G7+UJrags1q15Fudc7G6w==
    dependencies:
      path-key "^3.1.0"
      shebang-command "^2.0.0"
      which "^2.0.1"
  
  csstype@^3.1.0:
    version "3.1.2"
    resolved "https://registry.npmjs.org/csstype/-/csstype-3.1.2.tgz"
    integrity sha512-I7K1Uu0MBPzaFKg4nI5Q7Vs2t+3gWWW648spaF+Rg7pI9ds18Ugn+lvg4SHczUdKlHI5LWBXyqfS8+DufyBsgQ==
  
  debug@^4.1.0:
    version "4.3.4"
    resolved "https://registry.npmjs.org/debug/-/debug-4.3.4.tgz"
    integrity sha512-PRWFHuSU3eDtQJPvnNY7Jcket1j0t5OuOsFzPPzsekD52Zl8qUfFIPEiswXqIvHWGVHOgX+7G/vCNNhehwxfkQ==
    dependencies:
      ms "2.1.2"
  
  electron-to-chromium@^1.4.428:
    version "1.4.428"
    resolved "https://registry.npmjs.org/electron-to-chromium/-/electron-to-chromium-1.4.428.tgz"
    integrity sha512-L7uUknyY286of0AYC8CKfgWstD0Smk2DvHDi9F0GWQhSH90Bzi7iDrmCbZKz75tYJxeGSAc7TYeKpmbjMDoh1w==
  
  esbuild@^0.17.5:
    version "0.17.19"
    resolved "https://registry.npmjs.org/esbuild/-/esbuild-0.17.19.tgz"
    integrity sha512-XQ0jAPFkK/u3LcVRcvVHQcTIqD6E2H1fvZMA5dQPSOWb3suUbWbfbRf94pjc0bNzRYLfIrDRQXr7X+LHIm5oHw==
    optionalDependencies:
      "@esbuild/android-arm" "0.17.19"
      "@esbuild/android-arm64" "0.17.19"
      "@esbuild/android-x64" "0.17.19"
      "@esbuild/darwin-arm64" "0.17.19"
      "@esbuild/darwin-x64" "0.17.19"
      "@esbuild/freebsd-arm64" "0.17.19"
      "@esbuild/freebsd-x64" "0.17.19"
      "@esbuild/linux-arm" "0.17.19"
      "@esbuild/linux-arm64" "0.17.19"
      "@esbuild/linux-ia32" "0.17.19"
      "@esbuild/linux-loong64" "0.17.19"
      "@esbuild/linux-mips64el" "0.17.19"
      "@esbuild/linux-ppc64" "0.17.19"
      "@esbuild/linux-riscv64" "0.17.19"
      "@esbuild/linux-s390x" "0.17.19"
      "@esbuild/linux-x64" "0.17.19"
      "@esbuild/netbsd-x64" "0.17.19"
      "@esbuild/openbsd-x64" "0.17.19"
      "@esbuild/sunos-x64" "0.17.19"
      "@esbuild/win32-arm64" "0.17.19"
      "@esbuild/win32-ia32" "0.17.19"
      "@esbuild/win32-x64" "0.17.19"
  
  escalade@^3.1.1:
    version "3.1.1"
    resolved "https://registry.npmjs.org/escalade/-/escalade-3.1.1.tgz"
    integrity sha512-k0er2gUkLf8O0zKJiAhmkTnJlTvINGv7ygDNPbeIsX/TJjGJZHuh9B2UxbsaEkmlEo9MfhrSzmhIlhRlI2GXnw==
  
  escape-string-regexp@^1.0.5:
    version "1.0.5"
    resolved "https://registry.npmjs.org/escape-string-regexp/-/escape-string-regexp-1.0.5.tgz"
    integrity sha512-vbRorB5FUQWvla16U8R/qgaFIya2qGzwDrNmCZuYKrbdSUMG6I1ZCGQRefkRVhuOkIGVne7BQ35DSfo1qvJqFg==
  
  fast-deep-equal@^3.1.1, fast-deep-equal@^3.1.3:
    version "3.1.3"
    resolved "https://registry.yarnpkg.com/fast-deep-equal/-/fast-deep-equal-3.1.3.tgz#3a7d56b559d6cbc3eb512325244e619a65c6c525"
    integrity sha512-f3qQ9oQy9j2AhBe/H9VC91wLmKBCCU/gDOnKNAYG5hswO7BLKj09Hc5HYNz9cGI++xlpDCIgDaitVs03ATR84Q==
  
  fill-range@^7.0.1:
    version "7.0.1"
    resolved "https://registry.npmjs.org/fill-range/-/fill-range-7.0.1.tgz"
    integrity sha512-qOo9F+dMUmC2Lcb4BbVvnKJxTPjCm+RRpe4gDuGrzkL7mEVl/djYSu2OdQ2Pa302N4oqkSg9ir6jaLWJ2USVpQ==
    dependencies:
      to-regex-range "^5.0.1"
  
  fsevents@~2.3.2:
    version "2.3.2"
    resolved "https://registry.yarnpkg.com/fsevents/-/fsevents-2.3.2.tgz#8a526f78b8fdf4623b709e0b975c52c24c02fd1a"
    integrity sha512-xiqMQR4xAeHTuB9uWm+fFRcIOgKBMiOBP+eXiyT7jsgVCq1bkVygt00oASowB7EdtpOHaaPgKt812P9ab+DDKA==
  
  gensync@^1.0.0-beta.2:
    version "1.0.0-beta.2"
    resolved "https://registry.npmjs.org/gensync/-/gensync-1.0.0-beta.2.tgz"
    integrity sha512-3hN7NaskYvMDLQY55gnW3NQ+mesEAepTqlg+VEbj7zzqEMBVNhzcGYYeqFo/TlYz6eQiFcp1HcsCZO+nGgS8zg==
  
  glob-parent@~5.1.2:
    version "5.1.2"
    resolved "https://registry.npmjs.org/glob-parent/-/glob-parent-5.1.2.tgz"
    integrity sha512-AOIgSQCepiJYwP3ARnGx+5VnTu2HBYdzbGP45eLw1vr3zB3vZLeyed1sC9hnbcOc9/SrMyM5RPQrkGz4aS9Zow==
    dependencies:
      is-glob "^4.0.1"
  
  globals@^11.1.0:
    version "11.12.0"
    resolved "https://registry.npmjs.org/globals/-/globals-11.12.0.tgz"
    integrity sha512-WOBp/EEGUiIsJSp7wcv/y6MO+lV9UoncWqxuFfm8eBwzWNgyfBd6Gz+IeKQ9jCmyhoH99g15M3T+QaVHFjizVA==
  
  has-flag@^3.0.0:
    version "3.0.0"
    resolved "https://registry.npmjs.org/has-flag/-/has-flag-3.0.0.tgz"
    integrity sha512-sKJf1+ceQBr4SMkvQnBDNDtf4TXpVhVGateu0t918bl30FnbE2m4vNLX+VWe/dpjlb+HugGYzW7uQXH98HPEYw==
  
  hey-listen@^1.0.8:
    version "1.0.8"
    resolved "https://registry.npmjs.org/hey-listen/-/hey-listen-1.0.8.tgz"
    integrity sha512-COpmrF2NOg4TBWUJ5UVyaCU2A88wEMkUPK4hNqyCkqHbxT92BbvfjoSozkAIIm6XhicGlJHhFdullInrdhwU8Q==
  
  html-entities@2.3.3:
    version "2.3.3"
    resolved "https://registry.npmjs.org/html-entities/-/html-entities-2.3.3.tgz"
    integrity sha512-DV5Ln36z34NNTDgnz0EWGBLZENelNAtkiFA4kyNOG2tDI6Mz1uSWiq1wAKdyjnJwyDiDO7Fa2SO1CTxPXL8VxA==
  
  immutable@^4.0.0:
    version "4.3.1"
    resolved "https://registry.npmjs.org/immutable/-/immutable-4.3.1.tgz"
    integrity sha512-lj9cnmB/kVS0QHsJnYKD1uo3o39nrbKxszjnqS9Fr6NB7bZzW45U6WSGBPKXDL/CvDKqDNPA4r3DoDQ8GTxo2A==
  
  is-binary-path@~2.1.0:
    version "2.1.0"
    resolved "https://registry.npmjs.org/is-binary-path/-/is-binary-path-2.1.0.tgz"
    integrity sha512-ZMERYes6pDydyuGidse7OsHxtbI7WVeUEozgR/g7rd0xUimYNlvZRE/K2MgZTjWy725IfelLeVcEM97mmtRGXw==
    dependencies:
      binary-extensions "^2.0.0"
  
  is-extglob@^2.1.1:
    version "2.1.1"
    resolved "https://registry.npmjs.org/is-extglob/-/is-extglob-2.1.1.tgz"
    integrity sha512-SbKbANkN603Vi4jEZv49LeVJMn4yGwsbzZworEoyEiutsN3nJYdbO36zfhGJ6QEDpOZIFkDtnq5JRxmvl3jsoQ==
  
  is-glob@^4.0.1, is-glob@~4.0.1:
    version "4.0.3"
    resolved "https://registry.npmjs.org/is-glob/-/is-glob-4.0.3.tgz"
    integrity sha512-xelSayHH36ZgE7ZWhli7pW34hNbNl8Ojv5KVmkJD4hBdD3th8Tfk9vYasLM+mXWOZhFkgZfxhLSnrwRr4elSSg==
    dependencies:
      is-extglob "^2.1.1"
  
  is-number@^7.0.0:
    version "7.0.0"
    resolved "https://registry.npmjs.org/is-number/-/is-number-7.0.0.tgz"
    integrity sha512-41Cifkg6e8TylSpdtTpeLVMqvSBEVzTttHvERD741+pnZ8ANv0004MRL43QKPDlK9cGvNp6NZWZUBlbGXYxxng==
  
  is-what@^4.1.8:
    version "4.1.15"
    resolved "https://registry.npmjs.org/is-what/-/is-what-4.1.15.tgz"
    integrity sha512-uKua1wfy3Yt+YqsD6mTUEa2zSi3G1oPlqTflgaPJ7z63vUGN5pxFpnQfeSLMFnJDEsdvOtkp1rUWkYjB4YfhgA==
  
  isexe@^2.0.0:
    version "2.0.0"
    resolved "https://registry.npmjs.org/isexe/-/isexe-2.0.0.tgz"
    integrity sha512-RHxMLp9lnKHGHRng9QFhRCMbYAcVpn69smSGcq3f36xjgVVWThj4qqLbTLlq7Ssj8B+fIQ1EuCEGI2lKsyQeIw==
  
  js-tokens@^4.0.0:
    version "4.0.0"
    resolved "https://registry.npmjs.org/js-tokens/-/js-tokens-4.0.0.tgz"
    integrity sha512-RdJUflcE3cUzKiMqQgsCu06FPu9UdIJO0beYbPhHN4k6apgJtifcoCtT9bcxOpYBtpD2kCM6Sbzg4CausW/PKQ==
  
  jsesc@^2.5.1:
    version "2.5.2"
    resolved "https://registry.npmjs.org/jsesc/-/jsesc-2.5.2.tgz"
    integrity sha512-OYu7XEzjkCQ3C5Ps3QIZsQfNpqoJyZZA99wd9aWd05NCtC5pWOkShK2mkL6HXQR6/Cy2lbNdPlZBpuQHXE63gA==
  
  json-schema-traverse@^1.0.0:
    version "1.0.0"
    resolved "https://registry.yarnpkg.com/json-schema-traverse/-/json-schema-traverse-1.0.0.tgz#ae7bcb3656ab77a73ba5c49bf654f38e6b6860e2"
    integrity sha512-NM8/P9n3XjXhIZn1lLhkFaACTOURQXjWhV4BA/RnOv8xvgqtqpAX9IO4mRQxSx1Rlo4tqzeqb0sOlruaOy3dug==
  
  json5@^2.2.2:
    version "2.2.3"
    resolved "https://registry.npmjs.org/json5/-/json5-2.2.3.tgz"
    integrity sha512-XmOWe7eyHYH14cLdVPoyg+GOH3rYX++KpzrylJwSW98t3Nk+U8XOl8FWKOgwtzdb8lXGf6zYwDUzeHMWfxasyg==
  
  lru-cache@^5.1.1:
    version "5.1.1"
    resolved "https://registry.npmjs.org/lru-cache/-/lru-cache-5.1.1.tgz"
    integrity sha512-KpNARQA3Iwv+jTA0utUVVbrh+Jlrr1Fv0e56GGzAFOXN7dk/FviaDW8LHmK52DlcH4WP2n6gI8vN1aesBFgo9w==
    dependencies:
      yallist "^3.0.2"
  
  merge-anything@^5.1.4:
    version "5.1.7"
    resolved "https://registry.npmjs.org/merge-anything/-/merge-anything-5.1.7.tgz"
    integrity sha512-eRtbOb1N5iyH0tkQDAoQ4Ipsp/5qSR79Dzrz8hEPxRX10RWWR/iQXdoKmBSRCThY1Fh5EhISDtpSc93fpxUniQ==
    dependencies:
      is-what "^4.1.8"
  
  mini-css-extract-plugin@2.4.7:
    version "2.4.7"
    resolved "https://registry.yarnpkg.com/mini-css-extract-plugin/-/mini-css-extract-plugin-2.4.7.tgz#b9f4c4f4d727c7a3cd52a11773bb739f00177fac"
    integrity sha512-euWmddf0sk9Nv1O0gfeeUAvAkoSlWncNLF77C0TP2+WoPvy8mAHKOzMajcCz2dzvyt3CNgxb1obIEVFIRxaipg==
    dependencies:
      schema-utils "^4.0.0"
  
  ms@2.1.2:
    version "2.1.2"
    resolved "https://registry.npmjs.org/ms/-/ms-2.1.2.tgz"
    integrity sha512-sGkPx+VjMtmA6MX27oA4FBFELFCZZ4S4XqeGOXCv68tT+jb3vk/RyaKWP0PTKyWtmLSM0b+adUTEvbs1PEaH2w==
  
  nanoid@^3.3.6:
    version "3.3.6"
    resolved "https://registry.npmjs.org/nanoid/-/nanoid-3.3.6.tgz"
    integrity sha512-BGcqMMJuToF7i1rt+2PWSNVnWIkGCU78jBG3RxO/bZlnZPK2Cmi2QaffxGO/2RvWi9sL+FAiRiXMgsyxQ1DIDA==
  
  node-releases@^2.0.12:
    version "2.0.12"
    resolved "https://registry.npmjs.org/node-releases/-/node-releases-2.0.12.tgz"
    integrity sha512-QzsYKWhXTWx8h1kIvqfnC++o0pEmpRQA/aenALsL2F4pqNVr7YzcdMlDij5WBnwftRbJCNJL/O7zdKaxKPHqgQ==
  
  normalize-path@^3.0.0, normalize-path@~3.0.0:
    version "3.0.0"
    resolved "https://registry.npmjs.org/normalize-path/-/normalize-path-3.0.0.tgz"
    integrity sha512-6eZs5Ls3WtCisHWp9S2GUy8dqkpGi4BVSz3GaqiE6ezub0512ESztXUwUB6C6IKbQkY2Pnb/mD4WYojCRwcwLA==
  
  path-key@^3.1.0:
    version "3.1.1"
    resolved "https://registry.npmjs.org/path-key/-/path-key-3.1.1.tgz"
    integrity sha512-ojmeN0qd+y0jszEtoY48r0Peq5dwMEkIlCOu6Q5f41lfkswXuKtYrhgoTpLnyIcHm24Uhqx+5Tqm2InSwLhE6Q==
  
  picocolors@^1.0.0:
    version "1.0.0"
    resolved "https://registry.npmjs.org/picocolors/-/picocolors-1.0.0.tgz"
    integrity sha512-1fygroTLlHu66zi26VoTDv8yRgm0Fccecssto+MhsZ0D/DGW2sm8E8AjW7NU5VVTRt5GxbeZ5qBuJr+HyLYkjQ==
  
  picomatch@^2.0.4, picomatch@^2.2.1:
    version "2.3.1"
    resolved "https://registry.npmjs.org/picomatch/-/picomatch-2.3.1.tgz"
    integrity sha512-JU3teHTNjmE2VCGFzuY8EXzCDVwEqB2a8fsIvwaStHhAWJEeVd1o1QD80CU6+ZdEXXSLbSsuLwJjkCBWqRQUVA==
  
  postcss@^8.4.23:
    version "8.4.24"
    resolved "https://registry.npmjs.org/postcss/-/postcss-8.4.24.tgz"
    integrity sha512-M0RzbcI0sO/XJNucsGjvWU9ERWxb/ytp1w6dKtxTKgixdtQDq4rmx/g8W1hnaheq9jgwL/oyEdH5Bc4WwJKMqg==
    dependencies:
      nanoid "^3.3.6"
      picocolors "^1.0.0"
      source-map-js "^1.0.2"
  
  punycode@^2.1.0:
    version "2.3.0"
    resolved "https://registry.yarnpkg.com/punycode/-/punycode-2.3.0.tgz#f67fa67c94da8f4d0cfff981aee4118064199b8f"
    integrity sha512-rRV+zQD8tVFys26lAGR9WUuS4iUAngJScM+ZRSKtvl5tKeZ2t5bvdNFdNHBW9FWR4guGHlgmsZ1G7BSm2wTbuA==
  
  readdirp@~3.6.0:
    version "3.6.0"
    resolved "https://registry.npmjs.org/readdirp/-/readdirp-3.6.0.tgz"
    integrity sha512-hOS089on8RduqdbhvQ5Z37A0ESjsqz6qnRcffsMU3495FuTdqSm+7bhJ29JvIOsBDEEnan5DPu9t3To9VRlMzA==
    dependencies:
      picomatch "^2.2.1"
  
  require-from-string@^2.0.2:
    version "2.0.2"
    resolved "https://registry.yarnpkg.com/require-from-string/-/require-from-string-2.0.2.tgz#89a7fdd938261267318eafe14f9c32e598c36909"
    integrity sha512-Xf0nWe6RseziFMu+Ap9biiUbmplq6S9/p+7w7YXP/JBHhrUDDUhwa+vANyubuqfZWTveU//DYVGsDG7RKL/vEw==
  
  rollup@^3.21.0:
    version "3.25.1"
    resolved "https://registry.npmjs.org/rollup/-/rollup-3.25.1.tgz"
    integrity sha512-tywOR+rwIt5m2ZAWSe5AIJcTat8vGlnPFAv15ycCrw33t6iFsXZ6mzHVFh2psSjxQPmI+xgzMZZizUAukBI4aQ==
    optionalDependencies:
      fsevents "~2.3.2"
  
  sass@^1.63.6:
    version "1.63.6"
    resolved "https://registry.npmjs.org/sass/-/sass-1.63.6.tgz"
    integrity sha512-MJuxGMHzaOW7ipp+1KdELtqKbfAWbH7OLIdoSMnVe3EXPMTmxTmlaZDCTsgIpPCs3w99lLo9/zDKkOrJuT5byw==
    dependencies:
      chokidar ">=3.0.0 <4.0.0"
      immutable "^4.0.0"
      source-map-js ">=0.6.2 <2.0.0"
  
  schema-utils@^4.0.0:
    version "4.2.0"
    resolved "https://registry.yarnpkg.com/schema-utils/-/schema-utils-4.2.0.tgz#70d7c93e153a273a805801882ebd3bff20d89c8b"
    integrity sha512-L0jRsrPpjdckP3oPug3/VxNKt2trR8TcabrM6FOAAlvC/9Phcmm+cuAgTlxBqdBR1WJx7Naj9WHw+aOmheSVbw==
    dependencies:
      "@types/json-schema" "^7.0.9"
      ajv "^8.9.0"
      ajv-formats "^2.1.1"
      ajv-keywords "^5.1.0"
  
  semver@^6.3.0:
    version "6.3.0"
    resolved "https://registry.npmjs.org/semver/-/semver-6.3.0.tgz"
    integrity sha512-b39TBaTSfV6yBrapU89p5fKekE2m/NwnDocOVruQFS1/veMgdzuPcnOM34M6CwxW8jH/lxEa5rBoDeUwu5HHTw==
  
  seroval@^0.5.0:
    version "0.5.1"
    resolved "https://registry.npmjs.org/seroval/-/seroval-0.5.1.tgz"
    integrity sha512-ZfhQVB59hmIauJG5Ydynupy8KHyr5imGNtdDhbZG68Ufh1Ynkv9KOYOAABf71oVbQxJ8VkWnMHAjEHE7fWkH5g==
  
  shebang-command@^2.0.0:
    version "2.0.0"
    resolved "https://registry.npmjs.org/shebang-command/-/shebang-command-2.0.0.tgz"
    integrity sha512-kHxr2zZpYtdmrN1qDjrrX/Z1rR1kG8Dx+gkpK1G4eXmvXswmcE1hTWBWYUzlraYw1/yZp6YuDY77YtvbN0dmDA==
    dependencies:
      shebang-regex "^3.0.0"
  
  shebang-regex@^3.0.0:
    version "3.0.0"
    resolved "https://registry.npmjs.org/shebang-regex/-/shebang-regex-3.0.0.tgz"
    integrity sha512-7++dFhtcx3353uBaq8DDR4NuxBetBzC7ZQOhmTQInHEd6bSrXdiEyzCvG07Z44UYdLShWUyXt5M/yhz8ekcb1A==
  
  solid-devtools@^0.27.3:
    version "0.27.3"
    resolved "https://registry.npmjs.org/solid-devtools/-/solid-devtools-0.27.3.tgz"
    integrity sha512-cyIocZr6QuDCSWAqlfUdXg6vV986e5a/N8SwEPecMWlWS+PSTvYqMLzL8onFSPY5ZBeRRYR5PVN6nB4o5BIN9Q==
    dependencies:
      "@babel/core" "^7.22.1"
      "@babel/plugin-syntax-typescript" "^7.21.4"
      "@babel/types" "^7.22.4"
      "@solid-devtools/debugger" "^0.22.1"
      "@solid-devtools/shared" "^0.12.0"
  
  solid-js@^1.7.5, solid-js@^1.7.6:
    version "1.7.6"
    resolved "https://registry.npmjs.org/solid-js/-/solid-js-1.7.6.tgz"
    integrity sha512-DXVOTjUh/bIAhE0fIqu3ezGLyQaez7v8EOw3uPLIi87DmLjg+hsuCAgKyNIZ+o4jUetOk3ZORccvJmE1yZUk8g==
    dependencies:
      csstype "^3.1.0"
      seroval "^0.5.0"
  
  solid-refresh@^0.5.0:
    version "0.5.3"
    resolved "https://registry.npmjs.org/solid-refresh/-/solid-refresh-0.5.3.tgz"
    integrity sha512-Otg5it5sjOdZbQZJnvo99TEBAr6J7PQ5AubZLNU6szZzg3RQQ5MX04oteBIIGDs0y2Qv8aXKm9e44V8z+UnFdw==
    dependencies:
      "@babel/generator" "^7.21.1"
      "@babel/helper-module-imports" "^7.18.6"
      "@babel/types" "^7.21.2"
  
  "source-map-js@>=0.6.2 <2.0.0", source-map-js@^1.0.2:
    version "1.0.2"
    resolved "https://registry.npmjs.org/source-map-js/-/source-map-js-1.0.2.tgz"
    integrity sha512-R0XvVJ9WusLiqTCEiGCmICCMplcCkIwwR11mOSD9CR5u+IXYdiseeEuXCVAjS54zqwkLcPNnmU4OeJ6tUrWhDw==
  
  supports-color@^5.3.0:
    version "5.5.0"
    resolved "https://registry.npmjs.org/supports-color/-/supports-color-5.5.0.tgz"
    integrity sha512-QjVjwdXIt408MIiAqCX4oUKsgU2EqAGzs2Ppkm4aQYbjm+ZEWEcW4SfFNTr4uMNZma0ey4f5lgLrkB0aX0QMow==
    dependencies:
      has-flag "^3.0.0"
  
  to-fast-properties@^2.0.0:
    version "2.0.0"
    resolved "https://registry.npmjs.org/to-fast-properties/-/to-fast-properties-2.0.0.tgz"
    integrity sha512-/OaKK0xYrs3DmxRYqL/yDc+FxFUVYhDlXMhRmv3z915w2HF1tnN1omB354j8VUGO/hbRzyD6Y3sA7v7GS/ceog==
  
  to-regex-range@^5.0.1:
    version "5.0.1"
    resolved "https://registry.npmjs.org/to-regex-range/-/to-regex-range-5.0.1.tgz"
    integrity sha512-65P7iz6X5yEr1cwcgvQxbbIw7Uk3gOy5dIdtZ4rDveLqhrdJP+Li/Hx6tyK0NEb+2GCyneCMJiGqrADCSNk8sQ==
    dependencies:
      is-number "^7.0.0"
  
  tslib@^2.3.1:
    version "2.6.0"
    resolved "https://registry.npmjs.org/tslib/-/tslib-2.6.0.tgz"
    integrity sha512-7At1WUettjcSRHXCyYtTselblcHl9PJFFVKiCAy/bY97+BPZXSQ2wbq0P9s8tK2G7dFQfNnlJnPAiArVBVBsfA==
  
  type-fest@^3.11.1:
    version "3.13.0"
    resolved "https://registry.npmjs.org/type-fest/-/type-fest-3.13.0.tgz"
    integrity sha512-Gur3yQGM9qiLNs0KPP7LPgeRbio2QTt4xXouobMCarR0/wyW3F+F/+OWwshg3NG0Adon7uQfSZBpB46NfhoF1A==
  
  update-browserslist-db@^1.0.11:
    version "1.0.11"
    resolved "https://registry.npmjs.org/update-browserslist-db/-/update-browserslist-db-1.0.11.tgz"
    integrity sha512-dCwEFf0/oT85M1fHBg4F0jtLwJrutGoHSQXCh7u4o2t1drG+c0a9Flnqww6XUKSfQMPpJBRjU8d4RXB09qtvaA==
    dependencies:
      escalade "^3.1.1"
      picocolors "^1.0.0"
  
  uri-js@^4.2.2:
    version "4.4.1"
    resolved "https://registry.yarnpkg.com/uri-js/-/uri-js-4.4.1.tgz#9b1a52595225859e55f669d928f88c6c57f2a77e"
    integrity sha512-7rKUyy33Q1yc98pQ1DAmLtwX109F7TIfWlW1Ydo8Wl1ii1SeHieeh0HHfPeL2fMXK6z0s8ecKs9frCuLJvndBg==
    dependencies:
      punycode "^2.1.0"
  
  validate-html-nesting@^1.2.1:
    version "1.2.2"
    resolved "https://registry.npmjs.org/validate-html-nesting/-/validate-html-nesting-1.2.2.tgz"
    integrity sha512-hGdgQozCsQJMyfK5urgFcWEqsSSrK63Awe0t/IMR0bZ0QMtnuaiHzThW81guu3qx9abLi99NEuiaN6P9gVYsNg==
  
  vite-plugin-solid@^2.7.0:
    version "2.7.0"
    resolved "https://registry.npmjs.org/vite-plugin-solid/-/vite-plugin-solid-2.7.0.tgz"
    integrity sha512-avp/Jl5zOp/Itfo67xtDB2O61U7idviaIp4mLsjhCa13PjKNasz+IID0jYTyqUp9SFx6/PmBr6v4KgDppqompg==
    dependencies:
      "@babel/core" "^7.20.5"
      "@babel/preset-typescript" "^7.18.6"
      "@types/babel__core" "^7.1.20"
      babel-preset-solid "^1.7.2"
      merge-anything "^5.1.4"
      solid-refresh "^0.5.0"
      vitefu "^0.2.3"
  
  vite@^4.3.9:
    version "4.3.9"
    resolved "https://registry.npmjs.org/vite/-/vite-4.3.9.tgz"
    integrity sha512-qsTNZjO9NoJNW7KnOrgYwczm0WctJ8m/yqYAMAK9Lxt4SoySUfS5S8ia9K7JHpa3KEeMfyF8LoJ3c5NeBJy6pg==
    dependencies:
      esbuild "^0.17.5"
      postcss "^8.4.23"
      rollup "^3.21.0"
    optionalDependencies:
      fsevents "~2.3.2"
  
  vitefu@^0.2.3:
    version "0.2.4"
    resolved "https://registry.npmjs.org/vitefu/-/vitefu-0.2.4.tgz"
    integrity sha512-fanAXjSaf9xXtOOeno8wZXIhgia+CZury481LsDaV++lSvcU2R9Ch2bPh3PYFyoHW+w9LqAeYRISVQjUIew14g==
  
  which@^2.0.1:
    version "2.0.2"
    resolved "https://registry.npmjs.org/which/-/which-2.0.2.tgz"
    integrity sha512-BLI3Tl1TW3Pvl70l3yq3Y64i+awpwXqsGBYWkkqMtnbXgrMD+yj7rhW0kuEDxzJaYXGjEW5ogapKNMEKNMjibA==
    dependencies:
      isexe "^2.0.0"
  
  yallist@^3.0.2:
    version "3.1.1"
    resolved "https://registry.npmjs.org/yallist/-/yallist-3.1.1.tgz"
    integrity sha512-a4UGQaWPH59mOXUYnAG2ewncQS4i4F43Tv3JoAM+s2VDAmS9NsK8GpDMLrCHPksFT7h3K6TOoUNn2pb7RoXx4g==
